f:\projets\rendering\004 - vklearning\vklearning\vklearning\debug\vc142.pdb
f:\projets\rendering\004 - vklearning\vklearning\vklearning\debug\vc142.idb
f:\projets\rendering\004 - vklearning\vklearning\vklearning\debug\vk_pipeline.obj
f:\projets\rendering\004 - vklearning\vklearning\vklearning\debug\vk_initializers.obj
f:\projets\rendering\004 - vklearning\vklearning\vklearning\debug\main.obj
f:\projets\rendering\004 - vklearning\vklearning\vklearning\debug\vk_textures.obj
f:\projets\rendering\004 - vklearning\vklearning\vklearning\debug\vk_mesh.obj
f:\projets\rendering\004 - vklearning\vklearning\vklearning\debug\camera.obj
f:\projets\rendering\004 - vklearning\vklearning\vklearning\debug\vk_engine.obj
f:\projets\rendering\004 - vklearning\vklearning\debug\vklearning.pdb
f:\projets\rendering\004 - vklearning\vklearning\vklearning\debug\vklearning.tlog\cl.command.1.tlog
f:\projets\rendering\004 - vklearning\vklearning\vklearning\debug\vklearning.tlog\cl.read.1.tlog
f:\projets\rendering\004 - vklearning\vklearning\vklearning\debug\vklearning.tlog\cl.write.1.tlog
f:\projets\rendering\004 - vklearning\vklearning\vklearning\debug\vklearning.tlog\link-cvtres.read.1.tlog
f:\projets\rendering\004 - vklearning\vklearning\vklearning\debug\vklearning.tlog\link-cvtres.write.1.tlog
f:\projets\rendering\004 - vklearning\vklearning\vklearning\debug\vklearning.tlog\link-rc.read.1.tlog
f:\projets\rendering\004 - vklearning\vklearning\vklearning\debug\vklearning.tlog\link-rc.write.1.tlog
f:\projets\rendering\004 - vklearning\vklearning\vklearning\debug\vklearning.tlog\link.command.1.tlog
f:\projets\rendering\004 - vklearning\vklearning\vklearning\debug\vklearning.tlog\link.read.1.tlog
f:\projets\rendering\004 - vklearning\vklearning\vklearning\debug\vklearning.tlog\link.write.1.tlog
