  vk_engine.cpp
F:\Projets\Rendering\004 - VKLearning\VKLearning\VKLearning\vk_engine.cpp(959,40): warning C4244: 'argument': conversion from 'VkDeviceSize' to 'size_t', possible loss of data
vk_engine.obj : error LNK2019: unresolved external symbol _vkDestroyInstance@8 referenced in function "public: void __thiscall VulkanEngine::cleanup(void)" (?cleanup@VulkanEngine@@QAEXXZ)
vk_engine.obj : error LNK2019: unresolved external symbol _vkGetPhysicalDeviceProperties@8 referenced in function "private: void __thiscall VmaAllocator_T::ImportVulkanFunctions_Static(void)" (?ImportVulkanFunctions_Static@VmaAllocator_T@@AAEXXZ)
vk_engine.obj : error LNK2019: unresolved external symbol _vkGetPhysicalDeviceMemoryProperties@8 referenced in function "private: void __thiscall VmaAllocator_T::ImportVulkanFunctions_Static(void)" (?ImportVulkanFunctions_Static@VmaAllocator_T@@AAEXXZ)
vk_engine.obj : error LNK2019: unresolved external symbol _vkGetInstanceProcAddr@8 referenced in function "private: void __thiscall VmaAllocator_T::ImportVulkanFunctions_Dynamic(void)" (?ImportVulkanFunctions_Dynamic@VmaAllocator_T@@AAEXXZ)
vk_engine.obj : error LNK2019: unresolved external symbol _vkGetDeviceProcAddr@8 referenced in function "private: void __thiscall VmaAllocator_T::ImportVulkanFunctions_Dynamic(void)" (?ImportVulkanFunctions_Dynamic@VmaAllocator_T@@AAEXXZ)
vk_engine.obj : error LNK2019: unresolved external symbol _vkDestroyDevice@8 referenced in function "public: void __thiscall VulkanEngine::cleanup(void)" (?cleanup@VulkanEngine@@QAEXXZ)
vk_engine.obj : error LNK2019: unresolved external symbol _vkQueueSubmit@20 referenced in function "public: void __thiscall VulkanEngine::draw(void)" (?draw@VulkanEngine@@QAEXXZ)
vk_engine.obj : error LNK2019: unresolved external symbol _vkDeviceWaitIdle@4 referenced in function "public: void __thiscall VulkanEngine::cleanup(void)" (?cleanup@VulkanEngine@@QAEXXZ)
vk_engine.obj : error LNK2019: unresolved external symbol _vkAllocateMemory@16 referenced in function "private: void __thiscall VmaAllocator_T::ImportVulkanFunctions_Static(void)" (?ImportVulkanFunctions_Static@VmaAllocator_T@@AAEXXZ)
vk_engine.obj : error LNK2019: unresolved external symbol _vkFreeMemory@16 referenced in function "private: void __thiscall VmaAllocator_T::ImportVulkanFunctions_Static(void)" (?ImportVulkanFunctions_Static@VmaAllocator_T@@AAEXXZ)
vk_engine.obj : error LNK2019: unresolved external symbol _vkMapMemory@36 referenced in function "private: void __thiscall VmaAllocator_T::ImportVulkanFunctions_Static(void)" (?ImportVulkanFunctions_Static@VmaAllocator_T@@AAEXXZ)
vk_engine.obj : error LNK2019: unresolved external symbol _vkUnmapMemory@12 referenced in function "private: void __thiscall VmaAllocator_T::ImportVulkanFunctions_Static(void)" (?ImportVulkanFunctions_Static@VmaAllocator_T@@AAEXXZ)
vk_engine.obj : error LNK2019: unresolved external symbol _vkFlushMappedMemoryRanges@12 referenced in function "private: void __thiscall VmaAllocator_T::ImportVulkanFunctions_Static(void)" (?ImportVulkanFunctions_Static@VmaAllocator_T@@AAEXXZ)
vk_engine.obj : error LNK2019: unresolved external symbol _vkInvalidateMappedMemoryRanges@12 referenced in function "private: void __thiscall VmaAllocator_T::ImportVulkanFunctions_Static(void)" (?ImportVulkanFunctions_Static@VmaAllocator_T@@AAEXXZ)
vk_engine.obj : error LNK2019: unresolved external symbol _vkBindBufferMemory@28 referenced in function "private: void __thiscall VmaAllocator_T::ImportVulkanFunctions_Static(void)" (?ImportVulkanFunctions_Static@VmaAllocator_T@@AAEXXZ)
vk_engine.obj : error LNK2019: unresolved external symbol _vkBindImageMemory@28 referenced in function "private: void __thiscall VmaAllocator_T::ImportVulkanFunctions_Static(void)" (?ImportVulkanFunctions_Static@VmaAllocator_T@@AAEXXZ)
vk_engine.obj : error LNK2019: unresolved external symbol _vkGetBufferMemoryRequirements@16 referenced in function "private: void __thiscall VmaAllocator_T::ImportVulkanFunctions_Static(void)" (?ImportVulkanFunctions_Static@VmaAllocator_T@@AAEXXZ)
vk_engine.obj : error LNK2019: unresolved external symbol _vkGetImageMemoryRequirements@16 referenced in function "private: void __thiscall VmaAllocator_T::ImportVulkanFunctions_Static(void)" (?ImportVulkanFunctions_Static@VmaAllocator_T@@AAEXXZ)
vk_engine.obj : error LNK2019: unresolved external symbol _vkCreateFence@16 referenced in function "public: void __thiscall VulkanEngine::initSyncStructures(void)" (?initSyncStructures@VulkanEngine@@QAEXXZ)
vk_engine.obj : error LNK2019: unresolved external symbol _vkDestroyFence@16 referenced in function "public: __thiscall `public: void __thiscall VulkanEngine::initSyncStructures(void)'::`2'::<lambda_1>::operator()(void)const " (??R<lambda_1>@?1??initSyncStructures@VulkanEngine@@QAEXXZ@QBE@XZ)
vk_engine.obj : error LNK2019: unresolved external symbol _vkResetFences@12 referenced in function "public: void __thiscall VulkanEngine::draw(void)" (?draw@VulkanEngine@@QAEXXZ)
vk_engine.obj : error LNK2019: unresolved external symbol _vkWaitForFences@24 referenced in function "public: void __thiscall VulkanEngine::draw(void)" (?draw@VulkanEngine@@QAEXXZ)
vk_engine.obj : error LNK2019: unresolved external symbol _vkCreateSemaphore@16 referenced in function "public: void __thiscall VulkanEngine::initSyncStructures(void)" (?initSyncStructures@VulkanEngine@@QAEXXZ)
vk_engine.obj : error LNK2019: unresolved external symbol _vkDestroySemaphore@16 referenced in function "public: __thiscall `public: void __thiscall VulkanEngine::initSyncStructures(void)'::`2'::<lambda_1>::operator()(void)const " (??R<lambda_1>@?1??initSyncStructures@VulkanEngine@@QAEXXZ@QBE@XZ)
vk_engine.obj : error LNK2019: unresolved external symbol _vkCreateBuffer@16 referenced in function "private: void __thiscall VmaAllocator_T::ImportVulkanFunctions_Static(void)" (?ImportVulkanFunctions_Static@VmaAllocator_T@@AAEXXZ)
vk_engine.obj : error LNK2019: unresolved external symbol _vkDestroyBuffer@16 referenced in function "private: void __thiscall VmaAllocator_T::ImportVulkanFunctions_Static(void)" (?ImportVulkanFunctions_Static@VmaAllocator_T@@AAEXXZ)
vk_engine.obj : error LNK2019: unresolved external symbol _vkCreateImage@16 referenced in function "private: void __thiscall VmaAllocator_T::ImportVulkanFunctions_Static(void)" (?ImportVulkanFunctions_Static@VmaAllocator_T@@AAEXXZ)
vk_engine.obj : error LNK2019: unresolved external symbol _vkDestroyImage@16 referenced in function "private: void __thiscall VmaAllocator_T::ImportVulkanFunctions_Static(void)" (?ImportVulkanFunctions_Static@VmaAllocator_T@@AAEXXZ)
vk_engine.obj : error LNK2019: unresolved external symbol _vkCreateImageView@16 referenced in function "public: void __thiscall VulkanEngine::initSwapchain(void)" (?initSwapchain@VulkanEngine@@QAEXXZ)
vk_engine.obj : error LNK2019: unresolved external symbol _vkDestroyImageView@16 referenced in function "public: __thiscall `public: void __thiscall VulkanEngine::initFramebuffers(void)'::`2'::<lambda_1>::operator()(void)const " (??R<lambda_1>@?1??initFramebuffers@VulkanEngine@@QAEXXZ@QBE@XZ)
vk_engine.obj : error LNK2019: unresolved external symbol _vkCreateShaderModule@16 referenced in function "public: bool __thiscall VulkanEngine::loadShaderModule(char const *,unsigned __int64 *)" (?loadShaderModule@VulkanEngine@@QAE_NPBDPA_K@Z)
vk_engine.obj : error LNK2019: unresolved external symbol _vkDestroyShaderModule@16 referenced in function "public: void __thiscall VulkanEngine::initPipelines(void)" (?initPipelines@VulkanEngine@@QAEXXZ)
vk_engine.obj : error LNK2019: unresolved external symbol _vkDestroyPipeline@16 referenced in function "public: __thiscall `public: void __thiscall VulkanEngine::initPipelines(void)'::`2'::<lambda_1>::operator()(void)const " (??R<lambda_1>@?1??initPipelines@VulkanEngine@@QAEXXZ@QBE@XZ)
vk_engine.obj : error LNK2019: unresolved external symbol _vkCreatePipelineLayout@16 referenced in function "public: void __thiscall VulkanEngine::initPipelines(void)" (?initPipelines@VulkanEngine@@QAEXXZ)
vk_engine.obj : error LNK2019: unresolved external symbol _vkDestroyPipelineLayout@16 referenced in function "public: __thiscall `public: void __thiscall VulkanEngine::initPipelines(void)'::`2'::<lambda_1>::operator()(void)const " (??R<lambda_1>@?1??initPipelines@VulkanEngine@@QAEXXZ@QBE@XZ)
vk_engine.obj : error LNK2019: unresolved external symbol _vkCreateSampler@16 referenced in function "public: void __thiscall VulkanEngine::initScene(void)" (?initScene@VulkanEngine@@QAEXXZ)
vk_engine.obj : error LNK2019: unresolved external symbol _vkDestroySampler@16 referenced in function "public: __thiscall `public: void __thiscall VulkanEngine::initScene(void)'::`2'::<lambda_1>::operator()(void)const " (??R<lambda_1>@?1??initScene@VulkanEngine@@QAEXXZ@QBE@XZ)
vk_engine.obj : error LNK2019: unresolved external symbol _vkCreateDescriptorSetLayout@16 referenced in function "public: void __thiscall VulkanEngine::initDescriptors(void)" (?initDescriptors@VulkanEngine@@QAEXXZ)
vk_engine.obj : error LNK2019: unresolved external symbol _vkDestroyDescriptorSetLayout@16 referenced in function "public: __thiscall `public: void __thiscall VulkanEngine::initDescriptors(void)'::`2'::<lambda_1>::operator()(void)const " (??R<lambda_1>@?1??initDescriptors@VulkanEngine@@QAEXXZ@QBE@XZ)
vk_engine.obj : error LNK2019: unresolved external symbol _vkCreateDescriptorPool@16 referenced in function "public: void __thiscall VulkanEngine::initDescriptors(void)" (?initDescriptors@VulkanEngine@@QAEXXZ)
vk_engine.obj : error LNK2019: unresolved external symbol _vkDestroyDescriptorPool@16 referenced in function "public: __thiscall `public: void __thiscall VulkanEngine::initDescriptors(void)'::`2'::<lambda_1>::operator()(void)const " (??R<lambda_1>@?1??initDescriptors@VulkanEngine@@QAEXXZ@QBE@XZ)
vk_engine.obj : error LNK2019: unresolved external symbol _vkAllocateDescriptorSets@12 referenced in function "public: void __thiscall VulkanEngine::initDescriptors(void)" (?initDescriptors@VulkanEngine@@QAEXXZ)
vk_engine.obj : error LNK2019: unresolved external symbol _vkUpdateDescriptorSets@20 referenced in function "public: void __thiscall VulkanEngine::initDescriptors(void)" (?initDescriptors@VulkanEngine@@QAEXXZ)
vk_engine.obj : error LNK2019: unresolved external symbol _vkCreateFramebuffer@16 referenced in function "public: void __thiscall VulkanEngine::initFramebuffers(void)" (?initFramebuffers@VulkanEngine@@QAEXXZ)
vk_engine.obj : error LNK2019: unresolved external symbol _vkDestroyFramebuffer@16 referenced in function "public: __thiscall `public: void __thiscall VulkanEngine::initFramebuffers(void)'::`2'::<lambda_1>::operator()(void)const " (??R<lambda_1>@?1??initFramebuffers@VulkanEngine@@QAEXXZ@QBE@XZ)
vk_engine.obj : error LNK2019: unresolved external symbol _vkCreateRenderPass@16 referenced in function "public: void __thiscall VulkanEngine::initDefaultRenderpass(void)" (?initDefaultRenderpass@VulkanEngine@@QAEXXZ)
vk_engine.obj : error LNK2019: unresolved external symbol _vkDestroyRenderPass@16 referenced in function "public: __thiscall `public: void __thiscall VulkanEngine::initDefaultRenderpass(void)'::`2'::<lambda_1>::operator()(void)const " (??R<lambda_1>@?1??initDefaultRenderpass@VulkanEngine@@QAEXXZ@QBE@XZ)
vk_engine.obj : error LNK2019: unresolved external symbol _vkCreateCommandPool@16 referenced in function "public: void __thiscall VulkanEngine::initCommands(void)" (?initCommands@VulkanEngine@@QAEXXZ)
vk_engine.obj : error LNK2019: unresolved external symbol _vkDestroyCommandPool@16 referenced in function "public: __thiscall `public: void __thiscall VulkanEngine::initCommands(void)'::`2'::<lambda_1>::operator()(void)const " (??R<lambda_1>@?1??initCommands@VulkanEngine@@QAEXXZ@QBE@XZ)
vk_engine.obj : error LNK2019: unresolved external symbol _vkResetCommandPool@16 referenced in function "public: void __thiscall VulkanEngine::immediateSubmit(class std::function<void __cdecl(struct VkCommandBuffer_T *)> &&)" (?immediateSubmit@VulkanEngine@@QAEX$$QAV?$function@$$A6AXPAUVkCommandBuffer_T@@@Z@std@@@Z)
vk_engine.obj : error LNK2019: unresolved external symbol _vkAllocateCommandBuffers@12 referenced in function "public: void __thiscall VulkanEngine::initCommands(void)" (?initCommands@VulkanEngine@@QAEXXZ)
vk_engine.obj : error LNK2019: unresolved external symbol _vkBeginCommandBuffer@8 referenced in function "public: void __thiscall VulkanEngine::draw(void)" (?draw@VulkanEngine@@QAEXXZ)
vk_engine.obj : error LNK2019: unresolved external symbol _vkEndCommandBuffer@4 referenced in function "public: void __thiscall VulkanEngine::draw(void)" (?draw@VulkanEngine@@QAEXXZ)
vk_engine.obj : error LNK2019: unresolved external symbol _vkResetCommandBuffer@8 referenced in function "public: void __thiscall VulkanEngine::draw(void)" (?draw@VulkanEngine@@QAEXXZ)
vk_engine.obj : error LNK2019: unresolved external symbol _vkCmdBindPipeline@16 referenced in function "public: void __thiscall VulkanEngine::drawObjects(struct VkCommandBuffer_T *,struct RenderObject *,unsigned int)" (?drawObjects@VulkanEngine@@QAEXPAUVkCommandBuffer_T@@PAURenderObject@@I@Z)
vk_engine.obj : error LNK2019: unresolved external symbol _vkCmdBindDescriptorSets@36 referenced in function "public: void __thiscall VulkanEngine::drawObjects(struct VkCommandBuffer_T *,struct RenderObject *,unsigned int)" (?drawObjects@VulkanEngine@@QAEXPAUVkCommandBuffer_T@@PAURenderObject@@I@Z)
vk_engine.obj : error LNK2019: unresolved external symbol _vkCmdBindVertexBuffers@20 referenced in function "public: void __thiscall VulkanEngine::drawObjects(struct VkCommandBuffer_T *,struct RenderObject *,unsigned int)" (?drawObjects@VulkanEngine@@QAEXPAUVkCommandBuffer_T@@PAURenderObject@@I@Z)
vk_engine.obj : error LNK2019: unresolved external symbol _vkCmdDraw@20 referenced in function "public: void __thiscall VulkanEngine::drawObjects(struct VkCommandBuffer_T *,struct RenderObject *,unsigned int)" (?drawObjects@VulkanEngine@@QAEXPAUVkCommandBuffer_T@@PAURenderObject@@I@Z)
vk_engine.obj : error LNK2019: unresolved external symbol _vkCmdCopyBuffer@28 referenced in function "public: __thiscall `public: void __thiscall VulkanEngine::uploadMesh(class Mesh &)'::`2'::<lambda_1>::operator()(struct VkCommandBuffer_T *)const " (??R<lambda_1>@?1??uploadMesh@VulkanEngine@@QAEXAAVMesh@@@Z@QBE@PAUVkCommandBuffer_T@@@Z)
vk_engine.obj : error LNK2019: unresolved external symbol _vkCmdPushConstants@28 referenced in function "public: void __thiscall VulkanEngine::drawObjects(struct VkCommandBuffer_T *,struct RenderObject *,unsigned int)" (?drawObjects@VulkanEngine@@QAEXPAUVkCommandBuffer_T@@PAURenderObject@@I@Z)
vk_engine.obj : error LNK2019: unresolved external symbol _vkCmdBeginRenderPass@12 referenced in function "public: void __thiscall VulkanEngine::draw(void)" (?draw@VulkanEngine@@QAEXXZ)
vk_engine.obj : error LNK2019: unresolved external symbol _vkCmdEndRenderPass@4 referenced in function "public: void __thiscall VulkanEngine::draw(void)" (?draw@VulkanEngine@@QAEXXZ)
vk_engine.obj : error LNK2019: unresolved external symbol _vkBindBufferMemory2@12 referenced in function "private: void __thiscall VmaAllocator_T::ImportVulkanFunctions_Static(void)" (?ImportVulkanFunctions_Static@VmaAllocator_T@@AAEXXZ)
vk_engine.obj : error LNK2019: unresolved external symbol _vkBindImageMemory2@12 referenced in function "private: void __thiscall VmaAllocator_T::ImportVulkanFunctions_Static(void)" (?ImportVulkanFunctions_Static@VmaAllocator_T@@AAEXXZ)
vk_engine.obj : error LNK2019: unresolved external symbol _vkGetImageMemoryRequirements2@12 referenced in function "private: void __thiscall VmaAllocator_T::ImportVulkanFunctions_Static(void)" (?ImportVulkanFunctions_Static@VmaAllocator_T@@AAEXXZ)
vk_engine.obj : error LNK2019: unresolved external symbol _vkGetBufferMemoryRequirements2@12 referenced in function "private: void __thiscall VmaAllocator_T::ImportVulkanFunctions_Static(void)" (?ImportVulkanFunctions_Static@VmaAllocator_T@@AAEXXZ)
vk_engine.obj : error LNK2019: unresolved external symbol _vkGetPhysicalDeviceMemoryProperties2@8 referenced in function "private: void __thiscall VmaAllocator_T::ImportVulkanFunctions_Static(void)" (?ImportVulkanFunctions_Static@VmaAllocator_T@@AAEXXZ)
vk_engine.obj : error LNK2019: unresolved external symbol _vkDestroySurfaceKHR@16 referenced in function "public: void __thiscall VulkanEngine::cleanup(void)" (?cleanup@VulkanEngine@@QAEXXZ)
vk_engine.obj : error LNK2019: unresolved external symbol _vkDestroySwapchainKHR@16 referenced in function "public: __thiscall `public: void __thiscall VulkanEngine::initSwapchain(void)'::`2'::<lambda_1>::operator()(void)const " (??R<lambda_1>@?1??initSwapchain@VulkanEngine@@QAEXXZ@QBE@XZ)
vk_engine.obj : error LNK2019: unresolved external symbol _vkAcquireNextImageKHR@40 referenced in function "public: void __thiscall VulkanEngine::draw(void)" (?draw@VulkanEngine@@QAEXXZ)
vk_engine.obj : error LNK2019: unresolved external symbol _vkQueuePresentKHR@8 referenced in function "public: void __thiscall VulkanEngine::draw(void)" (?draw@VulkanEngine@@QAEXXZ)
vk_engine.obj : error LNK2019: unresolved external symbol "public: static class std::vector<class Mesh,class std::allocator<class Mesh> > & __cdecl Mesh::loadFromGltf(char const *)" (?loadFromGltf@Mesh@@SAAAV?$vector@VMesh@@V?$allocator@VMesh@@@std@@@std@@PBD@Z) referenced in function "public: void __thiscall VulkanEngine::loadMeshes(void)" (?loadMeshes@VulkanEngine@@QAEXXZ)
vk_engine.obj : error LNK2019: unresolved external symbol "public: __thiscall vkb::InstanceBuilder::InstanceBuilder(void)" (??0InstanceBuilder@vkb@@QAE@XZ) referenced in function "public: void __thiscall VulkanEngine::initVulkan(void)" (?initVulkan@VulkanEngine@@QAEXXZ)
vk_engine.obj : error LNK2019: unresolved external symbol "public: class vkb::detail::Result<struct vkb::Instance> __thiscall vkb::InstanceBuilder::build(void)const " (?build@InstanceBuilder@vkb@@QBE?AV?$Result@UInstance@vkb@@@detail@2@XZ) referenced in function "public: void __thiscall VulkanEngine::initVulkan(void)" (?initVulkan@VulkanEngine@@QAEXXZ)
vk_engine.obj : error LNK2019: unresolved external symbol "public: class vkb::InstanceBuilder & __thiscall vkb::InstanceBuilder::set_app_name(char const *)" (?set_app_name@InstanceBuilder@vkb@@QAEAAV12@PBD@Z) referenced in function "public: void __thiscall VulkanEngine::initVulkan(void)" (?initVulkan@VulkanEngine@@QAEXXZ)
vk_engine.obj : error LNK2019: unresolved external symbol "public: class vkb::InstanceBuilder & __thiscall vkb::InstanceBuilder::require_api_version(unsigned int,unsigned int,unsigned int)" (?require_api_version@InstanceBuilder@vkb@@QAEAAV12@III@Z) referenced in function "public: void __thiscall VulkanEngine::initVulkan(void)" (?initVulkan@VulkanEngine@@QAEXXZ)
vk_engine.obj : error LNK2019: unresolved external symbol "public: class vkb::InstanceBuilder & __thiscall vkb::InstanceBuilder::request_validation_layers(bool)" (?request_validation_layers@InstanceBuilder@vkb@@QAEAAV12@_N@Z) referenced in function "public: void __thiscall VulkanEngine::initVulkan(void)" (?initVulkan@VulkanEngine@@QAEXXZ)
vk_engine.obj : error LNK2019: unresolved external symbol "public: class vkb::InstanceBuilder & __thiscall vkb::InstanceBuilder::use_default_debug_messenger(void)" (?use_default_debug_messenger@InstanceBuilder@vkb@@QAEAAV12@XZ) referenced in function "public: void __thiscall VulkanEngine::initVulkan(void)" (?initVulkan@VulkanEngine@@QAEXXZ)
vk_engine.obj : error LNK2019: unresolved external symbol "void __cdecl vkb::destroy_debug_utils_messenger(struct VkInstance_T * const,unsigned __int64,struct VkAllocationCallbacks *)" (?destroy_debug_utils_messenger@vkb@@YAXQAUVkInstance_T@@_KPAUVkAllocationCallbacks@@@Z) referenced in function "public: void __thiscall VulkanEngine::cleanup(void)" (?cleanup@VulkanEngine@@QAEXXZ)
vk_engine.obj : error LNK2019: unresolved external symbol "public: __thiscall vkb::PhysicalDeviceSelector::PhysicalDeviceSelector(struct vkb::Instance const &)" (??0PhysicalDeviceSelector@vkb@@QAE@ABUInstance@1@@Z) referenced in function "public: void __thiscall VulkanEngine::initVulkan(void)" (?initVulkan@VulkanEngine@@QAEXXZ)
vk_engine.obj : error LNK2019: unresolved external symbol "public: class vkb::detail::Result<struct vkb::PhysicalDevice> __thiscall vkb::PhysicalDeviceSelector::select(void)const " (?select@PhysicalDeviceSelector@vkb@@QBE?AV?$Result@UPhysicalDevice@vkb@@@detail@2@XZ) referenced in function "public: void __thiscall VulkanEngine::initVulkan(void)" (?initVulkan@VulkanEngine@@QAEXXZ)
vk_engine.obj : error LNK2019: unresolved external symbol "public: class vkb::PhysicalDeviceSelector & __thiscall vkb::PhysicalDeviceSelector::set_surface(unsigned __int64)" (?set_surface@PhysicalDeviceSelector@vkb@@QAEAAV12@_K@Z) referenced in function "public: void __thiscall VulkanEngine::initVulkan(void)" (?initVulkan@VulkanEngine@@QAEXXZ)
vk_engine.obj : error LNK2019: unresolved external symbol "public: class vkb::PhysicalDeviceSelector & __thiscall vkb::PhysicalDeviceSelector::set_minimum_version(unsigned int,unsigned int)" (?set_minimum_version@PhysicalDeviceSelector@vkb@@QAEAAV12@II@Z) referenced in function "public: void __thiscall VulkanEngine::initVulkan(void)" (?initVulkan@VulkanEngine@@QAEXXZ)
vk_engine.obj : error LNK2019: unresolved external symbol "public: class vkb::detail::Result<unsigned int> __thiscall vkb::Device::get_queue_index(enum vkb::QueueType)const " (?get_queue_index@Device@vkb@@QBE?AV?$Result@I@detail@2@W4QueueType@2@@Z) referenced in function "public: void __thiscall VulkanEngine::initVulkan(void)" (?initVulkan@VulkanEngine@@QAEXXZ)
vk_engine.obj : error LNK2019: unresolved external symbol "public: class vkb::detail::Result<struct VkQueue_T *> __thiscall vkb::Device::get_queue(enum vkb::QueueType)const " (?get_queue@Device@vkb@@QBE?AV?$Result@PAUVkQueue_T@@@detail@2@W4QueueType@2@@Z) referenced in function "public: void __thiscall VulkanEngine::initVulkan(void)" (?initVulkan@VulkanEngine@@QAEXXZ)
vk_engine.obj : error LNK2019: unresolved external symbol "public: __thiscall vkb::DeviceBuilder::DeviceBuilder(struct vkb::PhysicalDevice)" (??0DeviceBuilder@vkb@@QAE@UPhysicalDevice@1@@Z) referenced in function "public: void __thiscall VulkanEngine::initVulkan(void)" (?initVulkan@VulkanEngine@@QAEXXZ)
vk_engine.obj : error LNK2019: unresolved external symbol "public: class vkb::detail::Result<struct vkb::Device> __thiscall vkb::DeviceBuilder::build(void)const " (?build@DeviceBuilder@vkb@@QBE?AV?$Result@UDevice@vkb@@@detail@2@XZ) referenced in function "public: void __thiscall VulkanEngine::initVulkan(void)" (?initVulkan@VulkanEngine@@QAEXXZ)
vk_engine.obj : error LNK2019: unresolved external symbol "public: class vkb::detail::Result<class std::vector<unsigned __int64,class std::allocator<unsigned __int64> > > __thiscall vkb::Swapchain::get_images(void)" (?get_images@Swapchain@vkb@@QAE?AV?$Result@V?$vector@_KV?$allocator@_K@std@@@std@@@detail@2@XZ) referenced in function "public: void __thiscall VulkanEngine::initSwapchain(void)" (?initSwapchain@VulkanEngine@@QAEXXZ)
vk_engine.obj : error LNK2019: unresolved external symbol "public: class vkb::detail::Result<class std::vector<unsigned __int64,class std::allocator<unsigned __int64> > > __thiscall vkb::Swapchain::get_image_views(void)" (?get_image_views@Swapchain@vkb@@QAE?AV?$Result@V?$vector@_KV?$allocator@_K@std@@@std@@@detail@2@XZ) referenced in function "public: void __thiscall VulkanEngine::initSwapchain(void)" (?initSwapchain@VulkanEngine@@QAEXXZ)
vk_engine.obj : error LNK2019: unresolved external symbol "public: __thiscall vkb::SwapchainBuilder::SwapchainBuilder(struct VkPhysicalDevice_T * const,struct VkDevice_T * const,unsigned __int64,int,int)" (??0SwapchainBuilder@vkb@@QAE@QAUVkPhysicalDevice_T@@QAUVkDevice_T@@_KHH@Z) referenced in function "public: void __thiscall VulkanEngine::initSwapchain(void)" (?initSwapchain@VulkanEngine@@QAEXXZ)
vk_engine.obj : error LNK2019: unresolved external symbol "public: class vkb::detail::Result<struct vkb::Swapchain> __thiscall vkb::SwapchainBuilder::build(void)const " (?build@SwapchainBuilder@vkb@@QBE?AV?$Result@USwapchain@vkb@@@detail@2@XZ) referenced in function "public: void __thiscall VulkanEngine::initSwapchain(void)" (?initSwapchain@VulkanEngine@@QAEXXZ)
vk_engine.obj : error LNK2019: unresolved external symbol "public: class vkb::SwapchainBuilder & __thiscall vkb::SwapchainBuilder::set_desired_extent(unsigned int,unsigned int)" (?set_desired_extent@SwapchainBuilder@vkb@@QAEAAV12@II@Z) referenced in function "public: void __thiscall VulkanEngine::initSwapchain(void)" (?initSwapchain@VulkanEngine@@QAEXXZ)
vk_engine.obj : error LNK2019: unresolved external symbol "public: class vkb::SwapchainBuilder & __thiscall vkb::SwapchainBuilder::use_default_format_selection(void)" (?use_default_format_selection@SwapchainBuilder@vkb@@QAEAAV12@XZ) referenced in function "public: void __thiscall VulkanEngine::initSwapchain(void)" (?initSwapchain@VulkanEngine@@QAEXXZ)
vk_engine.obj : error LNK2019: unresolved external symbol "public: class vkb::SwapchainBuilder & __thiscall vkb::SwapchainBuilder::set_desired_present_mode(enum VkPresentModeKHR)" (?set_desired_present_mode@SwapchainBuilder@vkb@@QAEAAV12@W4VkPresentModeKHR@@@Z) referenced in function "public: void __thiscall VulkanEngine::initSwapchain(void)" (?initSwapchain@VulkanEngine@@QAEXXZ)
vk_engine.obj : error LNK2019: unresolved external symbol "struct ImGuiContext * __cdecl ImGui::CreateContext(struct ImFontAtlas *)" (?CreateContext@ImGui@@YAPAUImGuiContext@@PAUImFontAtlas@@@Z) referenced in function "public: void __thiscall VulkanEngine::initImgui(void)" (?initImgui@VulkanEngine@@QAEXXZ)
vk_engine.obj : error LNK2019: unresolved external symbol "void __cdecl ImGui::NewFrame(void)" (?NewFrame@ImGui@@YAXXZ) referenced in function "public: void __thiscall VulkanEngine::run(void)" (?run@VulkanEngine@@QAEXXZ)
vk_engine.obj : error LNK2019: unresolved external symbol "void __cdecl ImGui::Render(void)" (?Render@ImGui@@YAXXZ) referenced in function "public: void __thiscall VulkanEngine::draw(void)" (?draw@VulkanEngine@@QAEXXZ)
vk_engine.obj : error LNK2019: unresolved external symbol "struct ImDrawData * __cdecl ImGui::GetDrawData(void)" (?GetDrawData@ImGui@@YAPAUImDrawData@@XZ) referenced in function "public: void __thiscall VulkanEngine::draw(void)" (?draw@VulkanEngine@@QAEXXZ)
vk_engine.obj : error LNK2019: unresolved external symbol "bool __cdecl ImGui_ImplVulkan_Init(struct ImGui_ImplVulkan_InitInfo *,unsigned __int64)" (?ImGui_ImplVulkan_Init@@YA_NPAUImGui_ImplVulkan_InitInfo@@_K@Z) referenced in function "public: void __thiscall VulkanEngine::initImgui(void)" (?initImgui@VulkanEngine@@QAEXXZ)
vk_engine.obj : error LNK2019: unresolved external symbol "void __cdecl ImGui_ImplVulkan_Shutdown(void)" (?ImGui_ImplVulkan_Shutdown@@YAXXZ) referenced in function "public: __thiscall `public: void __thiscall VulkanEngine::initImgui(void)'::`2'::<lambda_2>::operator()(void)const " (??R<lambda_2>@?1??initImgui@VulkanEngine@@QAEXXZ@QBE@XZ)
vk_engine.obj : error LNK2019: unresolved external symbol "void __cdecl ImGui_ImplVulkan_NewFrame(void)" (?ImGui_ImplVulkan_NewFrame@@YAXXZ) referenced in function "public: void __thiscall VulkanEngine::run(void)" (?run@VulkanEngine@@QAEXXZ)
vk_engine.obj : error LNK2019: unresolved external symbol "void __cdecl ImGui_ImplVulkan_RenderDrawData(struct ImDrawData *,struct VkCommandBuffer_T *,unsigned __int64)" (?ImGui_ImplVulkan_RenderDrawData@@YAXPAUImDrawData@@PAUVkCommandBuffer_T@@_K@Z) referenced in function "public: void __thiscall VulkanEngine::draw(void)" (?draw@VulkanEngine@@QAEXXZ)
vk_engine.obj : error LNK2019: unresolved external symbol "bool __cdecl ImGui_ImplVulkan_CreateFontsTexture(struct VkCommandBuffer_T *)" (?ImGui_ImplVulkan_CreateFontsTexture@@YA_NPAUVkCommandBuffer_T@@@Z) referenced in function "public: __thiscall `public: void __thiscall VulkanEngine::initImgui(void)'::`2'::<lambda_1>::operator()(struct VkCommandBuffer_T *)const " (??R<lambda_1>@?1??initImgui@VulkanEngine@@QAEXXZ@QBE@PAUVkCommandBuffer_T@@@Z)
vk_engine.obj : error LNK2019: unresolved external symbol "void __cdecl ImGui_ImplVulkan_DestroyFontUploadObjects(void)" (?ImGui_ImplVulkan_DestroyFontUploadObjects@@YAXXZ) referenced in function "public: void __thiscall VulkanEngine::initImgui(void)" (?initImgui@VulkanEngine@@QAEXXZ)
vk_engine.obj : error LNK2019: unresolved external symbol "bool __cdecl ImGui_ImplSDL2_InitForVulkan(struct SDL_Window *)" (?ImGui_ImplSDL2_InitForVulkan@@YA_NPAUSDL_Window@@@Z) referenced in function "public: void __thiscall VulkanEngine::initImgui(void)" (?initImgui@VulkanEngine@@QAEXXZ)
vk_engine.obj : error LNK2019: unresolved external symbol "void __cdecl ImGui_ImplSDL2_NewFrame(void)" (?ImGui_ImplSDL2_NewFrame@@YAXXZ) referenced in function "void __cdecl ImGui_ImplSDL2_NewFrame(struct SDL_Window *)" (?ImGui_ImplSDL2_NewFrame@@YAXPAUSDL_Window@@@Z)
vk_engine.obj : error LNK2019: unresolved external symbol "bool __cdecl ImGui_ImplSDL2_ProcessEvent(union SDL_Event const *)" (?ImGui_ImplSDL2_ProcessEvent@@YA_NPBTSDL_Event@@@Z) referenced in function "public: void __thiscall VulkanEngine::run(void)" (?run@VulkanEngine@@QAEXXZ)
vk_pipeline.obj : error LNK2019: unresolved external symbol _vkCreateGraphicsPipelines@28 referenced in function "public: unsigned __int64 __thiscall PipelineBuilder::buildPipeline(struct VkDevice_T *,unsigned __int64)" (?buildPipeline@PipelineBuilder@@QAE_KPAUVkDevice_T@@_K@Z)
vk_textures.obj : error LNK2019: unresolved external symbol _vkCmdCopyBufferToImage@32 referenced in function "public: __thiscall `bool __cdecl vkutil::loadImageFromFile(class VulkanEngine &,char const *,struct AllocatedImage &)'::`2'::<lambda_1>::operator()(struct VkCommandBuffer_T *)const " (??R<lambda_1>@?1??loadImageFromFile@vkutil@@YA_NAAVVulkanEngine@@PBDAAUAllocatedImage@@@Z@QBE@PAUVkCommandBuffer_T@@@Z)
vk_textures.obj : error LNK2019: unresolved external symbol _vkCmdPipelineBarrier@40 referenced in function "public: __thiscall `bool __cdecl vkutil::loadImageFromFile(class VulkanEngine &,char const *,struct AllocatedImage &)'::`2'::<lambda_1>::operator()(struct VkCommandBuffer_T *)const " (??R<lambda_1>@?1??loadImageFromFile@vkutil@@YA_NAAVVulkanEngine@@PBDAAUAllocatedImage@@@Z@QBE@PAUVkCommandBuffer_T@@@Z)
C:\VulkanSDK\1.2.198.1\Lib\vulkan-1.lib : warning LNK4272: library machine type 'x64' conflicts with target machine type 'x86'
F:\Projets\Rendering\004 - VKLearning\VKLearning\Debug\VKLearning.exe : fatal error LNK1120: 110 unresolved externals
