f:\projets\rendering\004 - vklearning\vklearning\vklearning\x64\release\vc142.pdb
f:\projets\rendering\004 - vklearning\vklearning\vklearning\x64\release\vk_textures.obj
f:\projets\rendering\004 - vklearning\vklearning\vklearning\x64\release\vk_pipeline.obj
f:\projets\rendering\004 - vklearning\vklearning\vklearning\x64\release\vk_mesh.obj
f:\projets\rendering\004 - vklearning\vklearning\vklearning\x64\release\vk_initializers.obj
f:\projets\rendering\004 - vklearning\vklearning\vklearning\x64\release\vk_engine.obj
f:\projets\rendering\004 - vklearning\vklearning\vklearning\x64\release\main.obj
f:\projets\rendering\004 - vklearning\vklearning\vklearning\x64\release\camera.obj
f:\projets\rendering\004 - vklearning\vklearning\vklearning\x64\release\vkbootstrap.obj
f:\projets\rendering\004 - vklearning\vklearning\vklearning\x64\release\imgui_widgets.obj
f:\projets\rendering\004 - vklearning\vklearning\vklearning\x64\release\imgui_tables.obj
f:\projets\rendering\004 - vklearning\vklearning\vklearning\x64\release\imgui_impl_vulkan.obj
f:\projets\rendering\004 - vklearning\vklearning\vklearning\x64\release\imgui_impl_sdl.obj
f:\projets\rendering\004 - vklearning\vklearning\vklearning\x64\release\imgui_draw.obj
f:\projets\rendering\004 - vklearning\vklearning\vklearning\x64\release\imgui_demo.obj
f:\projets\rendering\004 - vklearning\vklearning\vklearning\x64\release\imgui.obj
f:\projets\rendering\004 - vklearning\vklearning\x64\release\vklearning.exe
f:\projets\rendering\004 - vklearning\vklearning\vklearning\x64\release\vklearning.ipdb
f:\projets\rendering\004 - vklearning\vklearning\vklearning\x64\release\vklearning.iobj
f:\projets\rendering\004 - vklearning\vklearning\x64\release\vklearning.pdb
f:\projets\rendering\004 - vklearning\vklearning\vklearning\x64\release\vklearning.tlog\cl.command.1.tlog
f:\projets\rendering\004 - vklearning\vklearning\vklearning\x64\release\vklearning.tlog\cl.read.1.tlog
f:\projets\rendering\004 - vklearning\vklearning\vklearning\x64\release\vklearning.tlog\cl.write.1.tlog
f:\projets\rendering\004 - vklearning\vklearning\vklearning\x64\release\vklearning.tlog\link.command.1.tlog
f:\projets\rendering\004 - vklearning\vklearning\vklearning\x64\release\vklearning.tlog\link.read.1.tlog
f:\projets\rendering\004 - vklearning\vklearning\vklearning\x64\release\vklearning.tlog\link.write.1.tlog
