f:\projets\rendering\004 - vklearning\vklearning\vklearning\x64\debug\vc143.pdb
f:\projets\rendering\004 - vklearning\vklearning\vklearning\x64\debug\vc143.idb
f:\projets\rendering\004 - vklearning\vklearning\vklearning\x64\debug\vk_textures.obj
f:\projets\rendering\004 - vklearning\vklearning\vklearning\x64\debug\vk_pipeline.obj
f:\projets\rendering\004 - vklearning\vklearning\vklearning\x64\debug\vk_mesh.obj
f:\projets\rendering\004 - vklearning\vklearning\vklearning\x64\debug\vk_initializers.obj
f:\projets\rendering\004 - vklearning\vklearning\vklearning\x64\debug\vk_engine.obj
f:\projets\rendering\004 - vklearning\vklearning\vklearning\x64\debug\vk_ui.obj
f:\projets\rendering\004 - vklearning\vklearning\vklearning\x64\debug\vk_descriptors.obj
f:\projets\rendering\004 - vklearning\vklearning\vklearning\x64\debug\main.obj
f:\projets\rendering\004 - vklearning\vklearning\vklearning\x64\debug\camera.obj
f:\projets\rendering\004 - vklearning\vklearning\vklearning\x64\debug\vkbootstrap.obj
f:\projets\rendering\004 - vklearning\vklearning\vklearning\x64\debug\imgui_widgets.obj
f:\projets\rendering\004 - vklearning\vklearning\vklearning\x64\debug\imgui_tables.obj
f:\projets\rendering\004 - vklearning\vklearning\vklearning\x64\debug\imgui_impl_vulkan.obj
f:\projets\rendering\004 - vklearning\vklearning\vklearning\x64\debug\imgui_impl_sdl.obj
f:\projets\rendering\004 - vklearning\vklearning\vklearning\x64\debug\imgui_draw.obj
f:\projets\rendering\004 - vklearning\vklearning\vklearning\x64\debug\imgui_demo.obj
f:\projets\rendering\004 - vklearning\vklearning\vklearning\x64\debug\imgui.obj
f:\projets\rendering\004 - vklearning\vklearning\x64\debug\vklearning.exe
f:\projets\rendering\004 - vklearning\vklearning\vklearning\x64\debug\vklearning.ilk
f:\projets\rendering\004 - vklearning\vklearning\x64\debug\vklearning.pdb
f:\projets\rendering\004 - vklearning\vklearning\vklearning\x64\debug\vk_engine.obj.enc
f:\projets\rendering\004 - vklearning\vklearning\vklearning\x64\debug\vklearning.tlog\cl.command.1.tlog
f:\projets\rendering\004 - vklearning\vklearning\vklearning\x64\debug\vklearning.tlog\cl.read.1.tlog
f:\projets\rendering\004 - vklearning\vklearning\vklearning\x64\debug\vklearning.tlog\cl.write.1.tlog
f:\projets\rendering\004 - vklearning\vklearning\vklearning\x64\debug\vklearning.tlog\link.command.1.tlog
f:\projets\rendering\004 - vklearning\vklearning\vklearning\x64\debug\vklearning.tlog\link.read.1.tlog
f:\projets\rendering\004 - vklearning\vklearning\vklearning\x64\debug\vklearning.tlog\link.write.1.tlog
